<?xml version="1.0" encoding="UTF-8"?>
<!-- Generated by org.testng.reporters.JUnitReportReporter -->
<testsuite hostname="LAPTOP-6HI5R7OD" failures="0" tests="3" name="TestSuites.TestCases" time="71.055" errors="0" timestamp="2022-12-16T01:08:38 IST" skipped="0">
  <testcase classname="TestSuites.TestCases" name="carwash" time="31.083"/>
  <system-out/>
  <testcase classname="TestSuites.TestCases" name="listing" time="19.675"/>
  <system-out/>
  <testcase classname="TestSuites.TestCases" name="retrieve" time="20.297"/>
  <system-out/>
</testsuite> <!-- TestSuites.TestCases -->
